TN:
SF:/home/circleci/repo/packages/lib/gql-from-inner-text.js
FN:22,(anonymous_0)
FN:31,throwTypeError
FN:46,(anonymous_2)
FNF:3
FNH:3
FNDA:3,(anonymous_0)
FNDA:9,throwTypeError
FNDA:9,(anonymous_2)
DA:14,1
DA:21,1
DA:22,1
DA:23,3
DA:32,9
DA:42,1
DA:46,9
LF:7
LH:7
BRDA:23,0,0,3
BRDA:23,0,1,3
BRF:2
BRH:2
end_of_record
TN:
SF:/home/circleci/repo/packages/lib/has-all-variables.js
FN:39,(anonymous_0)
FNF:1
FNH:1
FNDA:39,(anonymous_0)
DA:19,1
DA:23,1
DA:27,1
DA:29,1
DA:39,1
DA:40,39
LF:6
LH:6
BRF:0
BRH:0
end_of_record
TN:
SF:/home/circleci/repo/packages/lib/helpers.js
FN:3,(anonymous_0)
FN:7,(anonymous_1)
FN:11,(anonymous_2)
FN:11,(anonymous_3)
FNF:4
FNH:4
FNDA:2,(anonymous_0)
FNDA:2,(anonymous_1)
FNDA:3,(anonymous_2)
FNDA:3,(anonymous_3)
DA:1,1
DA:3,1
DA:4,2
DA:7,1
DA:8,2
DA:11,3
DA:12,3
LF:7
LH:7
BRDA:4,0,0,2
BRDA:4,0,1,2
BRDA:8,1,0,2
BRDA:8,1,1,2
BRDA:12,2,0,1
BRDA:12,2,1,2
BRF:6
BRH:6
end_of_record
TN:
SF:/home/circleci/repo/packages/lib/is-client-operation.js
FNF:0
FNH:0
DA:17,1
DA:21,1
DA:24,1
DA:31,1
DA:35,1
DA:39,1
DA:43,1
DA:47,1
DA:51,1
DA:55,1
DA:59,1
DA:63,1
DA:67,1
DA:71,1
DA:75,1
DA:79,1
DA:83,1
LF:17
LH:17
BRF:0
BRH:0
end_of_record
TN:
SF:/home/circleci/repo/packages/lib/is-valid-gql.js
FN:8,(anonymous_0)
FNF:1
FNH:1
FNDA:12,(anonymous_0)
DA:8,1
DA:9,12
LF:2
LH:2
BRDA:10,0,0,12
BRDA:10,0,1,9
BRDA:10,0,2,5
BRDA:10,0,3,2
BRF:4
BRH:4
end_of_record
