TN:
SF:/home/circleci/repo/packages/gluon/apollo-element.js
FN:20,(anonymous_0)
FN:24,(anonymous_1)
FN:34,(anonymous_2)
FN:38,(anonymous_3)
FN:48,(anonymous_4)
FN:52,(anonymous_5)
FNF:6
FNH:6
FNDA:11,(anonymous_0)
FNDA:4,(anonymous_1)
FNDA:11,(anonymous_2)
FNDA:4,(anonymous_3)
FNDA:11,(anonymous_4)
FNDA:4,(anonymous_5)
DA:21,11
DA:25,4
DA:26,4
DA:35,11
DA:39,4
DA:40,4
DA:49,11
DA:53,4
DA:54,4
LF:9
LH:9
BRF:0
BRH:0
end_of_record
TN:
SF:/home/circleci/repo/packages/gluon/apollo-mutation.js
FN:55,(anonymous_0)
FN:59,(anonymous_1)
FNF:2
FNH:2
FNDA:1,(anonymous_0)
FNDA:1,(anonymous_1)
DA:56,1
DA:60,1
DA:61,1
LF:3
LH:3
BRF:0
BRH:0
end_of_record
TN:
SF:/home/circleci/repo/packages/gluon/apollo-query.js
FN:73,(anonymous_0)
FN:77,(anonymous_1)
FNF:2
FNH:2
FNDA:1,(anonymous_0)
FNDA:1,(anonymous_1)
DA:74,1
DA:78,1
DA:79,1
LF:3
LH:3
BRF:0
BRH:0
end_of_record
