TN:
SF:/home/circleci/repo/packages/mixins/apollo-element-mixin.js
FN:13,(anonymous_0)
FN:14,(anonymous_1)
FN:54,(anonymous_2)
FN:58,(anonymous_3)
FN:68,(anonymous_4)
FN:80,(anonymous_5)
FN:87,(anonymous_6)
FNF:7
FNH:7
FNDA:86,(anonymous_0)
FNDA:86,(anonymous_1)
FNDA:183,(anonymous_2)
FNDA:134,(anonymous_3)
FNDA:86,(anonymous_4)
FNDA:86,(anonymous_5)
FNDA:2,(anonymous_6)
DA:13,86
DA:15,86
DA:16,86
DA:22,86
DA:28,86
DA:34,86
DA:40,86
DA:46,86
DA:55,183
DA:59,134
DA:60,51
DA:61,48
DA:63,3
DA:69,86
DA:70,86
DA:71,86
DA:76,86
DA:81,86
DA:82,86
DA:83,86
DA:88,2
DA:89,2
LF:22
LH:22
BRDA:55,0,0,183
BRDA:55,0,1,78
BRDA:59,1,0,83
BRDA:59,1,1,51
BRDA:60,2,0,48
BRDA:60,2,1,3
BRDA:69,3,0,86
BRDA:69,3,1,1
BRDA:76,4,0,86
BRDA:76,4,1,82
BRDA:81,5,0,86
BRDA:81,5,1,1
BRDA:82,6,0,86
BRDA:82,6,1,86
BRDA:89,7,0,1
BRDA:89,7,1,1
BRF:16
BRH:16
end_of_record
TN:
SF:/home/circleci/repo/packages/mixins/apollo-mutation-mixin.js
FN:14,(anonymous_0)
FN:20,(anonymous_1)
FN:24,(anonymous_2)
FN:32,(anonymous_3)
FN:91,(anonymous_4)
FN:103,(anonymous_5)
FN:122,(anonymous_6)
FN:169,(anonymous_7)
FN:188,(anonymous_8)
FN:202,(anonymous_9)
FN:209,(anonymous_10)
FNF:11
FNH:11
FNDA:20,(anonymous_0)
FNDA:13,(anonymous_1)
FNDA:16,(anonymous_2)
FNDA:20,(anonymous_3)
FNDA:10,(anonymous_4)
FNDA:9,(anonymous_5)
FNDA:9,(anonymous_6)
FNDA:8,(anonymous_7)
FNDA:6,(anonymous_8)
FNDA:5,(anonymous_9)
FNDA:6,(anonymous_10)
DA:14,20
DA:21,13
DA:25,16
DA:26,16
DA:28,1
DA:33,20
DA:39,20
DA:45,20
DA:57,20
DA:74,20
DA:80,20
DA:82,20
DA:92,10
DA:93,10
DA:104,9
DA:133,9
DA:135,9
DA:136,9
DA:137,9
DA:138,9
DA:140,9
DA:141,9
DA:153,7
DA:154,4
DA:156,5
DA:157,5
DA:170,8
DA:171,6
DA:172,5
DA:173,2
DA:174,2
DA:175,2
DA:177,5
DA:189,6
DA:190,4
DA:191,4
DA:192,4
DA:194,6
LF:38
LH:38
BRDA:122,0,0,8
BRDA:123,1,0,9
BRDA:124,2,0,9
BRDA:125,3,0,9
BRDA:126,4,0,9
BRDA:127,5,0,9
BRDA:128,6,0,9
BRDA:129,7,0,9
BRDA:130,8,0,9
BRDA:131,9,0,9
BRDA:170,10,0,4
BRDA:171,11,0,1
BRDA:171,11,1,4
BRDA:172,12,0,2
BRDA:172,12,1,3
BRDA:172,13,0,5
BRDA:172,13,1,2
BRDA:189,14,0,4
BRDA:189,14,1,2
BRF:19
BRH:19
end_of_record
TN:
SF:/home/circleci/repo/packages/mixins/apollo-query-mixin.js
FN:14,(anonymous_0)
FN:20,(anonymous_1)
FN:24,(anonymous_2)
FN:41,(anonymous_3)
FN:45,(anonymous_4)
FN:58,(anonymous_5)
FN:62,(anonymous_6)
FN:67,(anonymous_7)
FN:116,(anonymous_8)
FN:127,(anonymous_9)
FN:143,(anonymous_10)
FN:156,(anonymous_11)
FN:176,(anonymous_12)
FN:189,(anonymous_13)
FN:233,(anonymous_14)
FN:267,(anonymous_15)
FN:301,(anonymous_16)
FN:314,(anonymous_17)
FNF:18
FNH:18
FNDA:37,(anonymous_0)
FNDA:102,(anonymous_1)
FNDA:19,(anonymous_2)
FNDA:117,(anonymous_3)
FNDA:39,(anonymous_4)
FNDA:1,(anonymous_5)
FNDA:2,(anonymous_6)
FNDA:37,(anonymous_7)
FNDA:37,(anonymous_8)
FNDA:2,(anonymous_9)
FNDA:9,(anonymous_10)
FNDA:69,(anonymous_11)
FNDA:2,(anonymous_12)
FNDA:5,(anonymous_13)
FNDA:2,(anonymous_14)
FNDA:42,(anonymous_15)
FNDA:41,(anonymous_16)
FNDA:2,(anonymous_17)
DA:14,37
DA:21,102
DA:25,19
DA:26,19
DA:28,1
DA:31,18
DA:32,17
DA:42,117
DA:46,39
DA:47,39
DA:48,39
DA:59,1
DA:63,2
DA:64,2
DA:68,37
DA:69,37
DA:70,37
DA:76,37
DA:82,37
DA:88,37
DA:94,37
DA:100,37
DA:106,37
DA:112,37
DA:117,37
DA:118,37
DA:128,2
DA:144,9
DA:157,69
DA:158,38
DA:159,37
DA:177,2
DA:199,5
DA:211,5
DA:213,5
DA:234,2
DA:278,42
DA:302,41
DA:303,41
DA:304,41
DA:305,41
DA:315,2
LF:42
LH:42
BRDA:31,0,0,17
BRDA:31,0,1,1
BRDA:31,1,0,18
BRDA:31,1,1,17
BRDA:48,2,0,9
BRDA:48,2,1,30
BRDA:64,3,0,2
BRDA:64,3,1,1
BRDA:117,4,0,37
BRDA:117,4,1,37
BRDA:118,5,0,17
BRDA:118,5,1,20
BRDA:129,6,0,2
BRDA:129,6,1,1
BRDA:143,7,0,9
BRDA:143,8,0,9
BRDA:145,9,0,9
BRDA:145,9,1,9
BRDA:156,10,0,23
BRDA:156,11,0,53
BRDA:156,12,0,62
BRDA:157,13,0,31
BRDA:157,13,1,38
BRDA:178,14,0,2
BRDA:178,14,1,1
BRDA:189,15,0,3
BRDA:192,16,0,1
BRDA:193,17,0,5
BRDA:194,18,0,2
BRDA:195,19,0,2
BRDA:196,20,0,5
BRDA:233,21,0,1
BRDA:233,22,0,1
BRDA:235,23,0,2
BRDA:235,23,1,1
BRDA:267,24,0,1
BRDA:268,25,0,42
BRDA:269,26,0,41
BRDA:270,27,0,41
BRDA:271,28,0,42
BRDA:272,29,0,42
BRDA:273,30,0,42
BRDA:274,31,0,42
BRDA:275,32,0,1
BRDA:276,33,0,27
BRF:45
BRH:45
end_of_record
TN:
SF:/home/circleci/repo/packages/mixins/apollo-subscription-mixin.js
FN:16,(anonymous_0)
FN:22,(anonymous_1)
FN:26,(anonymous_2)
FN:40,(anonymous_3)
FN:44,(anonymous_4)
FN:49,(anonymous_5)
FN:92,(anonymous_6)
FN:103,(anonymous_7)
FN:124,(anonymous_8)
FN:138,(anonymous_9)
FNF:10
FNH:10
FNDA:20,(anonymous_0)
FNDA:63,(anonymous_1)
FNDA:12,(anonymous_2)
FNDA:60,(anonymous_3)
FNDA:29,(anonymous_4)
FNDA:20,(anonymous_5)
FNDA:20,(anonymous_6)
FNDA:59,(anonymous_7)
FNDA:18,(anonymous_8)
FNDA:1,(anonymous_9)
DA:16,20
DA:23,63
DA:27,12
DA:28,12
DA:30,1
DA:32,11
DA:41,60
DA:45,29
DA:46,29
DA:50,20
DA:51,20
DA:52,20
DA:58,20
DA:64,20
DA:70,20
DA:76,20
DA:82,20
DA:88,20
DA:93,20
DA:94,20
DA:108,59
DA:109,14
DA:110,14
DA:125,18
DA:126,18
DA:127,18
DA:128,18
DA:129,18
DA:139,1
DA:140,1
LF:30
LH:30
BRDA:32,0,0,10
BRDA:32,0,1,1
BRDA:32,1,0,11
BRDA:32,1,1,10
BRDA:46,2,0,27
BRDA:46,2,1,2
BRDA:93,3,0,20
BRDA:93,3,1,20
BRDA:103,4,0,57
BRDA:104,5,0,58
BRDA:105,6,0,59
BRDA:106,7,0,59
BRDA:108,8,0,45
BRDA:108,8,1,14
BRDA:126,9,0,1
BRDA:126,9,1,17
BRF:16
BRH:16
end_of_record
