TN:
SF:/home/circleci/repo/packages/hybrids/apollo-mutation.js
FN:4,(anonymous_0)
FN:6,(anonymous_1)
FN:15,(anonymous_2)
FN:24,(anonymous_3)
FN:24,(anonymous_4)
FN:65,(anonymous_5)
FN:74,(anonymous_6)
FN:74,(anonymous_7)
FN:75,(anonymous_8)
FN:75,(anonymous_9)
FNF:10
FNH:10
FNDA:16,(anonymous_0)
FNDA:8,(anonymous_1)
FNDA:8,(anonymous_2)
FNDA:9,(anonymous_3)
FNDA:12,(anonymous_4)
FNDA:10,(anonymous_5)
FNDA:5,(anonymous_6)
FNDA:2,(anonymous_7)
FNDA:8,(anonymous_8)
FNDA:2,(anonymous_9)
DA:4,16
DA:6,1
DA:7,8
DA:8,7
DA:9,3
DA:10,3
DA:11,3
DA:12,3
DA:15,1
DA:16,8
DA:17,7
DA:18,7
DA:19,7
DA:20,7
DA:23,1
DA:24,9
DA:35,12
DA:36,12
DA:38,12
DA:39,12
DA:40,12
DA:41,12
DA:43,12
DA:44,12
DA:56,8
DA:57,4
DA:59,8
DA:60,8
DA:65,10
DA:66,1
DA:74,5
DA:75,8
LF:32
LH:32
BRDA:7,0,0,1
BRDA:7,0,1,7
BRDA:7,1,0,8
BRDA:7,1,1,7
BRDA:16,2,0,1
BRDA:16,2,1,7
BRDA:24,3,0,11
BRDA:25,4,0,12
BRDA:26,5,0,1
BRDA:27,6,0,12
BRDA:28,7,0,1
BRDA:29,8,0,12
BRDA:30,9,0,12
BRDA:31,10,0,12
BRDA:32,11,0,12
BRDA:33,12,0,12
BRDA:74,13,0,5
BRDA:74,13,1,4
BRDA:75,14,0,8
BRDA:75,14,1,7
BRF:20
BRH:20
end_of_record
TN:
SF:/home/circleci/repo/packages/hybrids/apollo-query.js
FN:6,(anonymous_0)
FN:6,(anonymous_1)
FN:13,(anonymous_2)
FN:13,(anonymous_3)
FN:16,(anonymous_4)
FN:17,(anonymous_5)
FN:25,(anonymous_6)
FN:25,(anonymous_7)
FN:46,(anonymous_8)
FN:46,(anonymous_9)
FN:51,(anonymous_10)
FN:51,(anonymous_11)
FN:58,(anonymous_12)
FN:58,(anonymous_13)
FN:68,(anonymous_14)
FN:68,(anonymous_15)
FN:82,subscribeOrSetVariables
FN:88,canSubscribe
FN:93,(anonymous_18)
FN:94,(anonymous_19)
FN:98,(anonymous_20)
FNF:21
FNH:21
FNDA:39,(anonymous_0)
FNDA:61,(anonymous_1)
FNDA:39,(anonymous_2)
FNDA:3,(anonymous_3)
FNDA:1,(anonymous_4)
FNDA:2,(anonymous_5)
FNDA:19,(anonymous_6)
FNDA:5,(anonymous_7)
FNDA:16,(anonymous_8)
FNDA:2,(anonymous_9)
FNDA:16,(anonymous_10)
FNDA:2,(anonymous_11)
FNDA:36,(anonymous_12)
FNDA:43,(anonymous_13)
FNDA:35,(anonymous_14)
FNDA:38,(anonymous_15)
FNDA:15,subscribeOrSetVariables
FNDA:96,canSubscribe
FNDA:51,(anonymous_18)
FNDA:96,(anonymous_19)
FNDA:51,(anonymous_20)
DA:6,39
DA:7,61
DA:8,57
DA:9,57
DA:10,57
DA:13,39
DA:14,3
DA:16,1
DA:17,1
DA:18,2
DA:19,2
DA:21,1
DA:24,1
DA:25,19
DA:35,5
DA:39,5
DA:41,5
DA:45,1
DA:46,16
DA:47,2
DA:50,1
DA:51,16
DA:52,2
DA:57,1
DA:58,36
DA:59,43
DA:60,34
DA:61,34
DA:62,34
DA:63,34
DA:67,1
DA:68,35
DA:69,38
DA:83,15
DA:89,96
DA:92,1
DA:94,51
DA:95,96
DA:97,51
DA:98,51
DA:102,1
LF:41
LH:41
BRDA:18,0,0,1
BRDA:18,0,1,1
BRDA:25,1,0,3
BRDA:28,2,0,1
BRDA:29,3,0,5
BRDA:30,4,0,2
BRDA:31,5,0,2
BRDA:32,6,0,5
BRDA:46,7,0,1
BRDA:47,8,0,2
BRDA:47,8,1,1
BRDA:51,9,0,1
BRDA:51,10,0,1
BRDA:52,11,0,2
BRDA:52,11,1,1
BRDA:58,12,0,39
BRDA:58,13,0,43
BRDA:58,14,0,39
BRDA:59,15,0,9
BRDA:59,15,1,34
BRDA:68,16,0,1
BRDA:68,17,0,2
BRDA:68,18,0,29
BRDA:83,19,0,11
BRDA:83,19,1,4
BRDA:83,20,0,15
BRDA:83,20,1,15
BRDA:89,21,0,96
BRDA:89,21,1,96
BRDA:95,22,0,96
BRDA:95,22,1,15
BRF:31
BRH:31
end_of_record
TN:
SF:/home/circleci/repo/packages/hybrids/apollo-subscription.js
FN:7,(anonymous_0)
FN:7,(anonymous_1)
FN:15,(anonymous_2)
FN:15,(anonymous_3)
FN:21,(anonymous_4)
FN:22,(anonymous_5)
FN:27,(anonymous_6)
FN:32,(anonymous_7)
FN:32,(anonymous_8)
FN:54,(anonymous_9)
FN:55,(anonymous_10)
FNF:11
FNH:11
FNDA:32,(anonymous_0)
FNDA:36,(anonymous_1)
FNDA:29,(anonymous_2)
FNDA:33,(anonymous_3)
FNDA:42,(anonymous_4)
FNDA:80,(anonymous_5)
FNDA:42,(anonymous_6)
FNDA:26,(anonymous_7)
FNDA:58,(anonymous_8)
FNDA:32,(anonymous_9)
FNDA:29,(anonymous_10)
DA:7,32
DA:8,36
DA:9,36
DA:10,36
DA:11,36
DA:12,36
DA:15,29
DA:16,33
DA:17,33
DA:20,1
DA:22,42
DA:23,80
DA:26,42
DA:27,42
DA:31,1
DA:32,26
DA:37,58
DA:38,32
DA:39,32
DA:40,32
DA:41,32
DA:42,32
DA:46,1
DA:54,32
DA:55,29
LF:25
LH:25
BRDA:9,0,0,1
BRDA:9,0,1,35
BRDA:23,1,0,14
BRDA:23,1,1,66
BRDA:23,2,0,80
BRDA:23,2,1,80
BRDA:32,3,0,56
BRDA:33,4,0,57
BRDA:34,5,0,58
BRDA:35,6,0,58
BRDA:37,7,0,26
BRDA:37,7,1,32
BRF:12
BRH:12
end_of_record
TN:
SF:/home/circleci/repo/packages/hybrids/factories/client.js
FN:1,(anonymous_0)
FN:2,(anonymous_1)
FN:3,(anonymous_2)
FNF:3
FNH:3
FNDA:3,(anonymous_0)
FNDA:86,(anonymous_1)
FNDA:72,(anonymous_2)
DA:1,3
DA:2,86
DA:3,72
LF:3
LH:3
BRDA:2,0,0,86
BRDA:2,0,1,15
BRDA:2,0,2,15
BRDA:2,0,3,4
BRF:4
BRH:4
end_of_record
TN:
SF:/home/circleci/repo/packages/hybrids/factories/document.js
FN:3,(anonymous_0)
FN:3,(anonymous_1)
FN:4,(anonymous_2)
FN:10,(anonymous_3)
FN:13,(anonymous_4)
FN:14,(anonymous_5)
FN:27,(anonymous_6)
FN:34,(anonymous_7)
FNF:8
FNH:8
FNDA:3,(anonymous_0)
FNDA:3,(anonymous_1)
FNDA:132,(anonymous_2)
FNDA:112,(anonymous_3)
FNDA:107,(anonymous_4)
FNDA:219,(anonymous_5)
FNDA:2,(anonymous_6)
FNDA:107,(anonymous_7)
DA:3,3
DA:4,3
DA:5,132
DA:6,45
DA:7,42
DA:10,3
DA:11,112
DA:13,3
DA:14,107
DA:15,219
DA:16,176
DA:17,99
DA:22,107
DA:24,107
DA:25,107
DA:27,107
DA:28,2
DA:29,2
DA:32,107
DA:34,107
DA:35,107
DA:36,107
DA:40,3
LF:23
LH:23
BRDA:5,0,0,87
BRDA:5,0,1,45
BRDA:5,1,0,87
BRDA:5,1,1,87
BRDA:6,2,0,3
BRDA:6,2,1,42
BRDA:11,3,0,112
BRDA:11,3,1,56
BRDA:11,3,2,52
BRDA:11,3,3,52
BRDA:15,4,0,43
BRDA:15,4,1,176
BRDA:16,5,0,99
BRDA:16,5,1,77
BRDA:16,6,0,176
BRDA:16,6,1,176
BRDA:17,7,0,55
BRDA:17,7,1,44
BRDA:17,8,0,99
BRDA:17,8,1,62
BRDA:24,9,0,52
BRDA:24,9,1,55
BRDA:25,10,0,44
BRDA:25,10,1,63
BRDA:25,11,0,107
BRDA:25,11,1,93
BRDA:29,12,0,1
BRDA:29,12,1,1
BRF:28
BRH:28
end_of_record
TN:
SF:/home/circleci/repo/packages/hybrids/factories/mutation.js
FNF:0
FNH:0
DA:3,1
LF:1
LH:1
BRF:0
BRH:0
end_of_record
TN:
SF:/home/circleci/repo/packages/hybrids/factories/query.js
FNF:0
FNH:0
DA:3,1
DA:5,1
LF:2
LH:2
BRF:0
BRH:0
end_of_record
TN:
SF:/home/circleci/repo/packages/hybrids/factories/subscription.js
FNF:0
FNH:0
DA:3,1
LF:1
LH:1
BRF:0
BRH:0
end_of_record
