TN:
SF:/home/circleci/repo/packages/lit-apollo/apollo-element.js
FN:15,(anonymous_0)
FNF:1
FNH:1
FNDA:1,(anonymous_0)
DA:16,1
LF:1
LH:1
BRF:0
BRH:0
end_of_record
TN:
SF:/home/circleci/repo/packages/lit-apollo/apollo-mutation.js
FN:50,(anonymous_0)
FN:80,(anonymous_1)
FNF:2
FNH:2
FNDA:1,(anonymous_0)
FNDA:3,(anonymous_1)
DA:51,1
DA:81,3
LF:2
LH:2
BRDA:80,0,0,2
BRDA:80,1,0,2
BRDA:80,2,0,2
BRDA:80,2,1,1
BRF:4
BRH:4
end_of_record
TN:
SF:/home/circleci/repo/packages/lit-apollo/apollo-query.js
FN:52,(anonymous_0)
FN:73,(anonymous_1)
FNF:2
FNH:2
FNDA:1,(anonymous_0)
FNDA:4,(anonymous_1)
DA:53,1
DA:74,4
LF:2
LH:2
BRDA:75,0,0,4
BRDA:75,0,1,3
BRDA:75,0,2,2
BRF:3
BRH:3
end_of_record
TN:
SF:/home/circleci/repo/packages/lit-apollo/apollo-subscription.js
FN:62,(anonymous_0)
FNF:1
FNH:1
FNDA:1,(anonymous_0)
DA:63,1
LF:1
LH:1
BRDA:64,0,0,1
BRDA:64,0,1,1
BRDA:64,0,2,1
BRF:3
BRH:3
end_of_record
