TN:
SF:/home/circleci/repo/packages/polymer/apollo-mutation.js
FN:40,(anonymous_0)
FN:44,(anonymous_1)
FN:49,(anonymous_2)
FN:53,(anonymous_3)
FN:58,(anonymous_4)
FN:62,(anonymous_5)
FN:67,(anonymous_6)
FN:71,(anonymous_7)
FNF:8
FNH:8
FNDA:1,(anonymous_0)
FNDA:3,(anonymous_1)
FNDA:6,(anonymous_2)
FNDA:3,(anonymous_3)
FNDA:6,(anonymous_4)
FNDA:4,(anonymous_5)
FNDA:6,(anonymous_6)
FNDA:4,(anonymous_7)
DA:39,1
DA:41,1
DA:45,3
DA:46,3
DA:50,6
DA:54,3
DA:55,3
DA:59,6
DA:63,4
DA:64,4
DA:68,6
DA:72,4
DA:73,4
DA:77,1
LF:14
LH:14
BRF:0
BRH:0
end_of_record
TN:
SF:/home/circleci/repo/packages/polymer/apollo-query.js
FN:34,(anonymous_0)
FN:38,(anonymous_1)
FN:43,(anonymous_2)
FN:47,(anonymous_3)
FN:52,(anonymous_4)
FN:56,(anonymous_5)
FN:61,(anonymous_6)
FN:65,(anonymous_7)
FNF:8
FNH:8
FNDA:5,(anonymous_0)
FNDA:2,(anonymous_1)
FNDA:5,(anonymous_2)
FNDA:2,(anonymous_3)
FNDA:5,(anonymous_4)
FNDA:3,(anonymous_5)
FNDA:1,(anonymous_6)
FNDA:2,(anonymous_7)
DA:33,1
DA:35,5
DA:39,2
DA:40,2
DA:44,5
DA:48,2
DA:49,2
DA:53,5
DA:57,3
DA:58,3
DA:62,1
DA:66,2
DA:67,2
DA:71,1
LF:14
LH:14
BRF:0
BRH:0
end_of_record
TN:
SF:/home/circleci/repo/packages/polymer/apollo-subscription.js
FN:36,(anonymous_0)
FN:40,(anonymous_1)
FN:45,(anonymous_2)
FN:49,(anonymous_3)
FN:54,(anonymous_4)
FN:58,(anonymous_5)
FNF:6
FNH:6
FNDA:5,(anonymous_0)
FNDA:2,(anonymous_1)
FNDA:5,(anonymous_2)
FNDA:2,(anonymous_3)
FNDA:5,(anonymous_4)
FNDA:2,(anonymous_5)
DA:30,1
DA:37,5
DA:41,2
DA:42,2
DA:46,5
DA:50,2
DA:51,2
DA:55,5
DA:59,2
DA:60,2
DA:64,1
LF:11
LH:11
BRF:0
BRH:0
end_of_record
TN:
SF:/home/circleci/repo/packages/polymer/notifying-element-mixin.js
FN:10,(anonymous_0)
FN:17,(anonymous_1)
FNF:2
FNH:2
FNDA:3,(anonymous_0)
FNDA:29,(anonymous_1)
DA:10,3
DA:18,29
LF:2
LH:2
BRF:0
BRH:0
end_of_record
